Using pre-set license

 COMMAND LINE ARGUMENTS:
/Applications/Unity/Hub/Editor/2020.3.11f1/Unity.app/Contents/MacOS/Unity
-adb2
-batchMode
-noUpm
-name
AssetImportWorker0
-projectPath
/Users/abigaildelgado/Documents/GitHub/Bear-Jams-2021/Bear Jams 2021
-logFile
Logs/AssetImportWorker0.log
-srvPort
64933
Successfully changed project path to: /Users/abigaildelgado/Documents/GitHub/Bear-Jams-2021/Bear Jams 2021
/Users/abigaildelgado/Documents/GitHub/Bear-Jams-2021/Bear Jams 2021
Using Asset Import Pipeline V2.
Refreshing native plugins compatible for Editor in 52.44 ms, found 3 plugins.
Preloading 0 native plugins for Editor in 0.00 ms.
Initialize engine version: 2020.3.11f1 (99c7afb366b3)
[Subsystems] Discovering subsystems at path /Applications/Unity/Hub/Editor/2020.3.11f1/Unity.app/Contents/Resources/UnitySubsystems
[Subsystems] Discovering subsystems at path /Users/abigaildelgado/Documents/GitHub/Bear-Jams-2021/Bear Jams 2021/Assets
GfxDevice: creating device client; threaded=0
2021-11-06 18:31:51.340 Unity[84957:5471457] Color LCD preferred device: Intel(R) Iris(TM) Plus Graphics 640 (low power)
2021-11-06 18:31:51.340 Unity[84957:5471457] Metal devices available: 1
2021-11-06 18:31:51.340 Unity[84957:5471457] 0: Intel(R) Iris(TM) Plus Graphics 640 (low power)
2021-11-06 18:31:51.340 Unity[84957:5471457] Using device Intel(R) Iris(TM) Plus Graphics 640 (low power)
Initializing Metal device caps: Intel(R) Iris(TM) Plus Graphics 640
Initialize mono
Mono path[0] = '/Applications/Unity/Hub/Editor/2020.3.11f1/Unity.app/Contents/Managed'
Mono path[1] = '/Applications/Unity/Hub/Editor/2020.3.11f1/Unity.app/Contents/MonoBleedingEdge/lib/mono/unityjit'
Mono config path = '/Applications/Unity/Hub/Editor/2020.3.11f1/Unity.app/Contents/MonoBleedingEdge/etc'
Using monoOptions --debugger-agent=transport=dt_socket,embedding=1,server=y,suspend=n,address=127.0.0.1:56957
Begin MonoManager ReloadAssembly
Registering precompiled unity dll's ...
Register platform support module: /Applications/Unity/Hub/Editor/2020.3.11f1/PlaybackEngines/WebGLSupport/UnityEditor.WebGL.Extensions.dll
Register platform support module: /Applications/Unity/Hub/Editor/2020.3.11f1/Unity.app/Contents/PlaybackEngines/MacStandaloneSupport/UnityEditor.OSXStandalone.Extensions.dll
Registered in 0.004710 seconds.
Native extension for OSXStandalone target not found
Native extension for WebGL target not found
Refreshing native plugins compatible for Editor in 74.97 ms, found 3 plugins.
Preloading 0 native plugins for Editor in 0.00 ms.
Mono: successfully reloaded assembly
- Completed reload, in  2.563 seconds
Platform modules already initialized, skipping
Registering precompiled user dll's ...
Registered in 0.008403 seconds.
Begin MonoManager ReloadAssembly
Native extension for OSXStandalone target not found
Native extension for WebGL target not found
Refreshing native plugins compatible for Editor in 43.00 ms, found 3 plugins.
Preloading 0 native plugins for Editor in 0.00 ms.
Mono: successfully reloaded assembly
- Completed reload, in  1.579 seconds
Platform modules already initialized, skipping
========================================================================
Worker process is ready to serve import requests
Launching external process: /Applications/Unity/Hub/Editor/2020.3.11f1/Unity.app/Contents/Tools/UnityShaderCompiler
Launched and connected shader compiler UnityShaderCompiler after 0.02 seconds
Refreshing native plugins compatible for Editor in 0.48 ms, found 3 plugins.
Preloading 0 native plugins for Editor in 0.00 ms.
Unloading 2080 Unused Serialized files (Serialized files now loaded: 0)
System memory in use before: 169.9 MB.
System memory in use after: 169.9 MB.

Unloading 33 unused Assets to reduce memory usage. Loaded Objects now: 2513.
Total: 2.486144 ms (FindLiveObjects: 0.220920 ms CreateObjectMapping: 0.082640 ms MarkObjects: 2.046882 ms  DeleteObjects: 0.134695 ms)

========================================================================
Received Import Request.
  path: Assets/Scenes/SampleScene.unity
  artifactKey: Guid(2cda990e2423bbf4892e6590ba056729) Importer(815301076,1909f56bfc062723c751e8b465ee728b)
Start importing Assets/Scenes/SampleScene.unity using Guid(2cda990e2423bbf4892e6590ba056729) Importer(815301076,1909f56bfc062723c751e8b465ee728b)  -> (artifact id: 'aa27944bdea339c97c39027c7eea529c') in 0.019296 seconds
  Import took 0.025183 seconds .

========================================================================
Received Import Request.
  Time since last request: 0.000392 seconds.
  path: Assets/Scenes
  artifactKey: Guid(1f8cff4332df24df4a1dd26b9b422bb6) Importer(815301076,1909f56bfc062723c751e8b465ee728b)
Start importing Assets/Scenes using Guid(1f8cff4332df24df4a1dd26b9b422bb6) Importer(815301076,1909f56bfc062723c751e8b465ee728b)  -> (artifact id: '7fdaab8796578cf2bf54a6d5a2ef70d2') in 0.001439 seconds
  Import took 0.006274 seconds .

========================================================================
Received Import Request.
  Time since last request: 64.714977 seconds.
  path: Assets/Scenes/Menu.unity
  artifactKey: Guid(1f8849b0b97b34aa8b57b56a13923fd2) Importer(815301076,1909f56bfc062723c751e8b465ee728b)
Start importing Assets/Scenes/Menu.unity using Guid(1f8849b0b97b34aa8b57b56a13923fd2) Importer(815301076,1909f56bfc062723c751e8b465ee728b)  -> (artifact id: '39e825fd62375adf2f859e9c507fa37e') in 0.009445 seconds
  Import took 0.040318 seconds .

========================================================================
Received Import Request.
  Time since last request: 843.888025 seconds.
  path: Assets/Scenes/New Scene.unity
  artifactKey: Guid(40c6cc8257baa45bb8a3d1ac804d1ada) Importer(815301076,1909f56bfc062723c751e8b465ee728b)
Start importing Assets/Scenes/New Scene.unity using Guid(40c6cc8257baa45bb8a3d1ac804d1ada) Importer(815301076,1909f56bfc062723c751e8b465ee728b)  -> (artifact id: '6fce8f2ce9555226455d0dd7508beef8') in 0.052133 seconds
  Import took 0.178735 seconds .

========================================================================
Received Import Request.
  Time since last request: 0.006768 seconds.
  path: Assets/Scenes/New Scene.unity
  artifactKey: Guid(40c6cc8257baa45bb8a3d1ac804d1ada) Importer(815301076,1909f56bfc062723c751e8b465ee728b)
Start importing Assets/Scenes/New Scene.unity using Guid(40c6cc8257baa45bb8a3d1ac804d1ada) Importer(815301076,1909f56bfc062723c751e8b465ee728b)  -> (artifact id: '6fce8f2ce9555226455d0dd7508beef8') in 0.014643 seconds
  Import took 0.022525 seconds .

========================================================================
Received Import Request.
  Time since last request: 19.706183 seconds.
  path: Assets/Scenes/To-Do List.unity
  artifactKey: Guid(40c6cc8257baa45bb8a3d1ac804d1ada) Importer(815301076,1909f56bfc062723c751e8b465ee728b)
Start importing Assets/Scenes/To-Do List.unity using Guid(40c6cc8257baa45bb8a3d1ac804d1ada) Importer(815301076,1909f56bfc062723c751e8b465ee728b)  -> (artifact id: '52c46b3d429c1a71a26c90b746de7bb0') in 0.002756 seconds
  Import took 0.010478 seconds .

========================================================================
Received Import Request.
  Time since last request: 10.564795 seconds.
  path: Assets/Scenes/New Scene.unity
  artifactKey: Guid(a7767b84d02194816bed592566ce9a57) Importer(815301076,1909f56bfc062723c751e8b465ee728b)
Start importing Assets/Scenes/New Scene.unity using Guid(a7767b84d02194816bed592566ce9a57) Importer(815301076,1909f56bfc062723c751e8b465ee728b)  -> (artifact id: '2c09ef94416fc9b6c818d151fd3fcf7b') in 0.002755 seconds
  Import took 0.011369 seconds .

========================================================================
Received Import Request.
  Time since last request: 4.412254 seconds.
  path: Assets/Scenes/Tend.unity
  artifactKey: Guid(a7767b84d02194816bed592566ce9a57) Importer(815301076,1909f56bfc062723c751e8b465ee728b)
Start importing Assets/Scenes/Tend.unity using Guid(a7767b84d02194816bed592566ce9a57) Importer(815301076,1909f56bfc062723c751e8b465ee728b)  -> (artifact id: '3d8f470fe5d253e59135d70698db76c9') in 0.002426 seconds
  Import took 0.013043 seconds .

========================================================================
Received Import Request.
  Time since last request: 6.033711 seconds.
  path: Assets/Scenes/Tend to Plants.unity
  artifactKey: Guid(a7767b84d02194816bed592566ce9a57) Importer(815301076,1909f56bfc062723c751e8b465ee728b)
Start importing Assets/Scenes/Tend to Plants.unity using Guid(a7767b84d02194816bed592566ce9a57) Importer(815301076,1909f56bfc062723c751e8b465ee728b)  -> (artifact id: 'cbe76f45dde88710ec1928957dc8985e') in 0.002579 seconds
  Import took 0.008618 seconds .

========================================================================
Received Import Request.
  Time since last request: 16.572516 seconds.
  path: Assets/Scenes/Order Check.unity
  artifactKey: Guid(2cda990e2423bbf4892e6590ba056729) Importer(815301076,1909f56bfc062723c751e8b465ee728b)
Start importing Assets/Scenes/Order Check.unity using Guid(2cda990e2423bbf4892e6590ba056729) Importer(815301076,1909f56bfc062723c751e8b465ee728b)  -> (artifact id: 'e9f8f1b0f6315f2a0b36c42187d2aebe') in 0.002706 seconds
  Import took 0.008095 seconds .

========================================================================
Received Import Request.
  Time since last request: 12.042443 seconds.
  path: Assets/Scenes/Open.unity
  artifactKey: Guid(bc797bc00bd83475b8622781d11227c4) Importer(815301076,1909f56bfc062723c751e8b465ee728b)
Start importing Assets/Scenes/Open.unity using Guid(bc797bc00bd83475b8622781d11227c4) Importer(815301076,1909f56bfc062723c751e8b465ee728b)  -> (artifact id: '634cb935c1b39dc8eda18abb67f37d5c') in 0.005476 seconds
  Import took 0.011567 seconds .

========================================================================
Received Import Request.
  Time since last request: 85.702571 seconds.
  path: Assets/Scenes/Start.unity
  artifactKey: Guid(40c6cc8257baa45bb8a3d1ac804d1ada) Importer(815301076,1909f56bfc062723c751e8b465ee728b)
Start importing Assets/Scenes/Start.unity using Guid(40c6cc8257baa45bb8a3d1ac804d1ada) Importer(815301076,1909f56bfc062723c751e8b465ee728b)  -> (artifact id: '296b74e6d641868c1f4c4c0bf4be5332') in 0.009637 seconds
  Import took 0.020443 seconds .

========================================================================
Received Import Request.
  Time since last request: 4.856619 seconds.
  path: Assets/Scenes/Order.unity
  artifactKey: Guid(2cda990e2423bbf4892e6590ba056729) Importer(815301076,1909f56bfc062723c751e8b465ee728b)
Start importing Assets/Scenes/Order.unity using Guid(2cda990e2423bbf4892e6590ba056729) Importer(815301076,1909f56bfc062723c751e8b465ee728b)  -> (artifact id: '92a8f08b721c8bf2f54cb1316f5fbde4') in 0.002091 seconds
  Import took 0.014051 seconds .

========================================================================
Received Import Request.
  Time since last request: 4.318336 seconds.
  path: Assets/Scenes/End.unity
  artifactKey: Guid(bc797bc00bd83475b8622781d11227c4) Importer(815301076,1909f56bfc062723c751e8b465ee728b)
Start importing Assets/Scenes/End.unity using Guid(bc797bc00bd83475b8622781d11227c4) Importer(815301076,1909f56bfc062723c751e8b465ee728b)  -> (artifact id: 'b45416dee72ef538a26f1647e800c91e') in 0.005157 seconds
  Import took 0.014553 seconds .

========================================================================
Received Import Request.
  Time since last request: 1495.216079 seconds.
  path: Assets/Scripts
  artifactKey: Guid(fa72fb4fc31ae4951965c6be359fa280) Importer(815301076,1909f56bfc062723c751e8b465ee728b)
Start importing Assets/Scripts using Guid(fa72fb4fc31ae4951965c6be359fa280) Importer(815301076,1909f56bfc062723c751e8b465ee728b)  -> (artifact id: 'a494359eb908a670e5d902e11ba8dd7a') in 0.006016 seconds
  Import took 0.046089 seconds .

========================================================================
Received Import Request.
  Time since last request: 11.010491 seconds.
  path: Assets/Scripts/GameManager.cs
  artifactKey: Guid(8d2697794b8f34aea992a5511e93065c) Importer(815301076,1909f56bfc062723c751e8b465ee728b)
Start importing Assets/Scripts/GameManager.cs using Guid(8d2697794b8f34aea992a5511e93065c) Importer(815301076,1909f56bfc062723c751e8b465ee728b)  -> (artifact id: 'a4ec1c391f3bda75ee4a0a93b1e412b5') in 0.945144 seconds
  Import took 0.958949 seconds .

========================================================================
Received Prepare
Registering precompiled user dll's ...
Registered in 0.010538 seconds.
Begin MonoManager ReloadAssembly
Native extension for OSXStandalone target not found
Native extension for WebGL target not found
Refreshing native plugins compatible for Editor in 0.90 ms, found 3 plugins.
Preloading 0 native plugins for Editor in 0.00 ms.
Mono: successfully reloaded assembly
- Completed reload, in  3.353 seconds
Platform modules already initialized, skipping
Refreshing native plugins compatible for Editor in 1.88 ms, found 3 plugins.
Preloading 0 native plugins for Editor in 0.00 ms.
Unloading 2076 Unused Serialized files (Serialized files now loaded: 0)
System memory in use before: 174.8 MB.
System memory in use after: 174.8 MB.

Unloading 21 unused Assets to reduce memory usage. Loaded Objects now: 2518.
Total: 11.498553 ms (FindLiveObjects: 1.515652 ms CreateObjectMapping: 0.178392 ms MarkObjects: 9.408898 ms  DeleteObjects: 0.393742 ms)

========================================================================
Received Import Request.
  Time since last request: 112.329620 seconds.
  path: Assets/Scripts/GameManager.cs
  artifactKey: Guid(8d2697794b8f34aea992a5511e93065c) Importer(815301076,1909f56bfc062723c751e8b465ee728b)
Start importing Assets/Scripts/GameManager.cs using Guid(8d2697794b8f34aea992a5511e93065c) Importer(815301076,1909f56bfc062723c751e8b465ee728b)  -> (artifact id: '4acc59a47fb16b68da216d513aae03a5') in 0.405241 seconds
  Import took 0.516306 seconds .

========================================================================
Received Import Request.
  Time since last request: 0.130454 seconds.
  path: Assets/Scripts/GameManager.cs
  artifactKey: Guid(8d2697794b8f34aea992a5511e93065c) Importer(815301076,1909f56bfc062723c751e8b465ee728b)
Start importing Assets/Scripts/GameManager.cs using Guid(8d2697794b8f34aea992a5511e93065c) Importer(815301076,1909f56bfc062723c751e8b465ee728b)  -> (artifact id: '4acc59a47fb16b68da216d513aae03a5') in 0.003418 seconds
  Import took 0.017643 seconds .

========================================================================
Received Prepare
Registering precompiled user dll's ...
Registered in 0.006161 seconds.
Begin MonoManager ReloadAssembly
Native extension for OSXStandalone target not found
Native extension for WebGL target not found
Refreshing native plugins compatible for Editor in 0.74 ms, found 3 plugins.
Preloading 0 native plugins for Editor in 0.00 ms.
Mono: successfully reloaded assembly
- Completed reload, in  1.713 seconds
Platform modules already initialized, skipping
Refreshing native plugins compatible for Editor in 0.77 ms, found 3 plugins.
Preloading 0 native plugins for Editor in 0.00 ms.
Unloading 2076 Unused Serialized files (Serialized files now loaded: 0)
System memory in use before: 175.1 MB.
System memory in use after: 175.1 MB.

Unloading 21 unused Assets to reduce memory usage. Loaded Objects now: 2522.
Total: 3.353103 ms (FindLiveObjects: 0.486560 ms CreateObjectMapping: 0.119950 ms MarkObjects: 2.577886 ms  DeleteObjects: 0.165369 ms)

